TN:
SF:/home/david/AngularJS_workplace/Angular_workshop_emplHierarchy/HierarchyProject/js/app.js
FN:10,(anonymous_1)
FN:12,(anonymous_2)
FN:24,(anonymous_3)
FNF:3
FNH:3
FNDA:141,(anonymous_1)
FNDA:3,(anonymous_2)
FNDA:141,(anonymous_3)
DA:1,1
DA:10,1
DA:12,141
DA:13,3
DA:14,1
DA:15,1
DA:17,2
DA:18,1
DA:19,1
DA:24,1
DA:25,141
LF:11
LH:11
BRDA:13,1,0,1
BRDA:13,1,1,2
BRDA:17,2,0,1
BRDA:17,2,1,1
BRF:4
BRH:4
end_of_record
TN:
SF:/home/david/AngularJS_workplace/Angular_workshop_emplHierarchy/HierarchyProject/js/appSpec.js
FN:3,(anonymous_1)
FN:9,(anonymous_2)
FN:11,(anonymous_3)
FN:17,(anonymous_4)
FN:21,(anonymous_5)
FN:31,(anonymous_6)
FN:36,(anonymous_7)
FN:41,(anonymous_8)
FN:56,(anonymous_9)
FN:65,(anonymous_10)
FN:75,(anonymous_11)
FNF:11
FNH:10
FNDA:1,(anonymous_1)
FNDA:5,(anonymous_2)
FNDA:0,(anonymous_3)
FNDA:3,(anonymous_4)
FNDA:2,(anonymous_5)
FNDA:5,(anonymous_6)
FNDA:1,(anonymous_7)
FNDA:1,(anonymous_8)
FNDA:1,(anonymous_9)
FNDA:1,(anonymous_10)
FNDA:1,(anonymous_11)
DA:3,1
DA:5,1
DA:7,1
DA:9,1
DA:10,5
DA:14,5
DA:18,3
DA:19,1
DA:22,2
DA:23,1
DA:27,5
DA:28,5
DA:31,1
DA:33,5
DA:36,1
DA:38,1
DA:41,1
DA:43,1
DA:45,1
DA:47,1
DA:49,1
DA:51,1
DA:53,1
DA:56,1
DA:58,1
DA:59,1
DA:61,1
DA:62,1
DA:65,1
DA:67,1
DA:68,1
DA:69,1
DA:71,1
DA:72,1
DA:75,1
DA:77,1
DA:78,1
DA:79,1
DA:81,1
DA:82,1
LF:40
LH:40
BRDA:18,1,0,2
BRDA:18,1,1,1
BRDA:22,2,0,1
BRDA:22,2,1,1
BRF:4
BRH:4
end_of_record
TN:
SF:/home/david/AngularJS_workplace/Angular_workshop_emplHierarchy/HierarchyProject/js/controller/aboutController.js
FN:2,(anonymous_1)
FN:6,(anonymous_2)
FNF:2
FNH:2
FNDA:2,(anonymous_1)
FNDA:1,(anonymous_2)
DA:1,1
DA:4,2
DA:6,2
DA:7,1
LF:4
LH:4
BRF:0
BRH:0
end_of_record
TN:
SF:/home/david/AngularJS_workplace/Angular_workshop_emplHierarchy/HierarchyProject/js/controller/aboutControllerSpec.js
FN:1,(anonymous_1)
FN:7,(anonymous_2)
FN:10,(anonymous_3)
FN:16,(anonymous_4)
FN:21,(anonymous_5)
FN:26,(anonymous_6)
FNF:6
FNH:5
FNDA:1,(anonymous_1)
FNDA:2,(anonymous_2)
FNDA:0,(anonymous_3)
FNDA:2,(anonymous_4)
FNDA:1,(anonymous_5)
FNDA:1,(anonymous_6)
DA:1,1
DA:3,1
DA:5,1
DA:7,1
DA:9,2
DA:13,2
DA:16,1
DA:18,2
DA:21,1
DA:23,1
DA:26,1
DA:28,1
DA:29,1
LF:13
LH:13
BRF:0
BRH:0
end_of_record
TN:
SF:/home/david/AngularJS_workplace/Angular_workshop_emplHierarchy/HierarchyProject/js/controller/accountInfoController.js
FN:2,(anonymous_1)
FN:12,(anonymous_2)
FN:22,(anonymous_3)
FN:33,(anonymous_4)
FNF:4
FNH:4
FNDA:3,(anonymous_1)
FNDA:2,(anonymous_2)
FNDA:2,(anonymous_3)
FNDA:4,(anonymous_4)
DA:1,1
DA:4,3
DA:6,3
DA:7,3
DA:8,3
DA:9,3
DA:11,3
DA:14,2
DA:16,2
DA:17,2
DA:22,3
DA:24,2
DA:25,2
DA:26,2
DA:27,2
DA:28,2
DA:29,2
DA:30,2
DA:33,3
DA:35,4
LF:20
LH:20
BRDA:14,1,0,2
BRDA:14,1,1,0
BRF:2
BRH:1
end_of_record
TN:
SF:/home/david/AngularJS_workplace/Angular_workshop_emplHierarchy/HierarchyProject/js/controller/accountInfoControllerSpec.js
FN:1,(anonymous_1)
FN:23,(anonymous_2)
FN:26,(anonymous_3)
FN:32,(anonymous_4)
FN:39,(anonymous_5)
FN:43,(anonymous_6)
FN:50,(anonymous_7)
FN:61,(anonymous_8)
FN:68,(anonymous_9)
FN:73,(anonymous_10)
FN:86,(anonymous_11)
FNF:11
FNH:10
FNDA:1,(anonymous_1)
FNDA:3,(anonymous_2)
FNDA:4,(anonymous_3)
FNDA:2,(anonymous_4)
FNDA:0,(anonymous_5)
FNDA:2,(anonymous_6)
FNDA:3,(anonymous_7)
FNDA:3,(anonymous_8)
FNDA:1,(anonymous_9)
FNDA:1,(anonymous_10)
FNDA:1,(anonymous_11)
DA:1,1
DA:3,1
DA:6,1
DA:8,1
DA:20,1
DA:21,1
DA:23,1
DA:25,3
DA:27,4
DA:28,3
DA:29,2
DA:30,1
DA:33,2
DA:34,1
DA:38,3
DA:42,3
DA:44,2
DA:45,1
DA:49,3
DA:51,3
DA:55,3
DA:56,3
DA:57,3
DA:58,3
DA:61,1
DA:63,3
DA:64,3
DA:65,3
DA:68,1
DA:70,1
DA:73,1
DA:74,1
DA:75,1
DA:77,1
DA:78,1
DA:79,1
DA:80,1
DA:81,1
DA:82,1
DA:83,1
DA:86,1
DA:87,1
DA:88,1
DA:90,1
DA:91,1
DA:92,1
DA:93,1
DA:94,1
DA:95,1
DA:96,1
LF:50
LH:50
BRDA:27,1,0,1
BRDA:27,1,1,3
BRDA:28,2,0,1
BRDA:28,2,1,2
BRDA:29,3,0,1
BRDA:29,3,1,1
BRDA:33,4,0,1
BRDA:33,4,1,1
BRDA:33,5,0,2
BRDA:33,5,1,1
BRDA:44,6,0,1
BRDA:44,6,1,1
BRF:12
BRH:12
end_of_record
TN:
SF:/home/david/AngularJS_workplace/Angular_workshop_emplHierarchy/HierarchyProject/js/controller/assumeIdentityController.js
FN:3,(anonymous_1)
FN:10,(anonymous_2)
FN:23,(anonymous_3)
FNF:3
FNH:3
FNDA:4,(anonymous_1)
FNDA:2,(anonymous_2)
FNDA:1,(anonymous_3)
DA:2,1
DA:5,4
DA:6,4
DA:7,4
DA:8,4
DA:10,4
DA:12,2
DA:14,1
DA:15,1
DA:19,1
DA:23,4
DA:25,1
LF:12
LH:12
BRDA:12,1,0,1
BRDA:12,1,1,1
BRF:2
BRH:2
end_of_record
TN:
SF:/home/david/AngularJS_workplace/Angular_workshop_emplHierarchy/HierarchyProject/js/controller/assumeIdentityControllerSpec.js
FN:1,(anonymous_1)
FN:9,(anonymous_2)
FN:15,(anonymous_3)
FN:23,(anonymous_4)
FN:28,(anonymous_5)
FN:33,(anonymous_6)
FN:40,(anonymous_7)
FN:47,(anonymous_8)
FNF:8
FNH:8
FNDA:1,(anonymous_1)
FNDA:4,(anonymous_2)
FNDA:1,(anonymous_3)
FNDA:4,(anonymous_4)
FNDA:1,(anonymous_5)
FNDA:1,(anonymous_6)
FNDA:1,(anonymous_7)
FNDA:1,(anonymous_8)
DA:1,1
DA:3,1
DA:5,1
DA:7,1
DA:9,1
DA:11,4
DA:16,1
DA:20,4
DA:23,1
DA:25,4
DA:28,1
DA:30,1
DA:33,1
DA:35,1
DA:36,1
DA:37,1
DA:40,1
DA:42,1
DA:43,1
DA:44,1
DA:47,1
DA:49,1
DA:50,1
DA:52,1
DA:53,1
LF:25
LH:25
BRF:0
BRH:0
end_of_record
TN:
SF:/home/david/AngularJS_workplace/Angular_workshop_emplHierarchy/HierarchyProject/js/controller/formController.js
FN:2,(anonymous_1)
FN:8,(anonymous_2)
FN:12,(anonymous_3)
FN:19,(anonymous_4)
FN:32,(anonymous_5)
FN:37,(anonymous_6)
FN:46,(anonymous_7)
FN:51,(anonymous_8)
FNF:8
FNH:8
FNDA:6,(anonymous_1)
FNDA:5,(anonymous_2)
FNDA:5,(anonymous_3)
FNDA:5,(anonymous_4)
FNDA:3,(anonymous_5)
FNDA:6,(anonymous_6)
FNDA:3,(anonymous_7)
FNDA:1,(anonymous_8)
DA:1,1
DA:4,6
DA:5,6
DA:7,6
DA:10,5
DA:14,5
DA:15,5
DA:19,6
DA:21,5
DA:22,5
DA:23,5
DA:24,5
DA:25,5
DA:26,5
DA:27,5
DA:28,5
DA:29,5
DA:32,6
DA:34,3
DA:35,3
DA:37,6
DA:39,6
DA:40,6
DA:41,6
DA:42,6
DA:43,6
DA:46,6
DA:48,3
DA:51,6
DA:53,1
DA:55,2
DA:57,1
DA:58,1
DA:59,1
DA:60,1
DA:61,1
DA:62,1
DA:63,1
DA:64,1
LF:39
LH:39
BRDA:24,1,0,4
BRDA:24,1,1,1
BRDA:48,2,0,3
BRDA:48,2,1,3
BRDA:48,2,2,1
BRDA:48,2,3,1
BRDA:55,3,0,1
BRDA:55,3,1,1
BRF:8
BRH:8
end_of_record
TN:
SF:/home/david/AngularJS_workplace/Angular_workshop_emplHierarchy/HierarchyProject/js/controller/formControllerSpec.js
FN:1,(anonymous_1)
FN:15,(anonymous_2)
FN:24,(anonymous_3)
FN:31,(anonymous_4)
FN:35,(anonymous_5)
FN:47,(anonymous_6)
FN:54,(anonymous_7)
FN:59,(anonymous_8)
FN:80,(anonymous_9)
FN:102,(anonymous_10)
FN:125,(anonymous_11)
FN:151,(anonymous_12)
FNF:12
FNH:12
FNDA:1,(anonymous_1)
FNDA:6,(anonymous_2)
FNDA:5,(anonymous_3)
FNDA:1,(anonymous_4)
FNDA:6,(anonymous_5)
FNDA:6,(anonymous_6)
FNDA:1,(anonymous_7)
FNDA:1,(anonymous_8)
FNDA:1,(anonymous_9)
FNDA:1,(anonymous_10)
FNDA:1,(anonymous_11)
FNDA:1,(anonymous_12)
DA:1,1
DA:3,1
DA:5,1
DA:8,1
DA:13,1
DA:15,1
DA:17,6
DA:23,6
DA:25,5
DA:26,3
DA:30,6
DA:34,6
DA:36,6
DA:37,6
DA:41,6
DA:42,6
DA:43,6
DA:44,6
DA:47,1
DA:49,6
DA:50,6
DA:51,6
DA:54,1
DA:56,1
DA:59,1
DA:61,1
DA:62,1
DA:64,1
DA:65,1
DA:66,1
DA:68,1
DA:69,1
DA:70,1
DA:71,1
DA:72,1
DA:73,1
DA:75,1
DA:76,1
DA:77,1
DA:80,1
DA:82,1
DA:83,1
DA:84,1
DA:86,1
DA:87,1
DA:88,1
DA:89,1
DA:91,1
DA:92,1
DA:93,1
DA:94,1
DA:95,1
DA:97,1
DA:98,1
DA:99,1
DA:102,1
DA:104,1
DA:105,1
DA:106,1
DA:107,1
DA:109,1
DA:110,1
DA:111,1
DA:112,1
DA:114,1
DA:115,1
DA:116,1
DA:117,1
DA:118,1
DA:120,1
DA:121,1
DA:122,1
DA:125,1
DA:127,1
DA:128,1
DA:129,1
DA:131,1
DA:132,1
DA:133,1
DA:134,1
DA:135,1
DA:136,1
DA:139,1
DA:140,1
DA:141,1
DA:142,1
DA:145,1
DA:146,1
DA:147,1
DA:148,1
DA:151,1
DA:153,1
DA:154,1
DA:156,1
DA:157,1
DA:158,1
DA:159,1
DA:161,1
DA:162,1
DA:163,1
DA:164,1
DA:165,1
DA:167,1
DA:168,1
DA:169,1
DA:172,1
DA:173,1
DA:174,1
DA:175,1
DA:176,1
DA:179,1
DA:180,1
DA:181,1
DA:182,1
DA:183,1
DA:184,1
DA:185,1
LF:117
LH:117
BRDA:25,1,0,2
BRDA:25,1,1,3
BRF:2
BRH:2
end_of_record
TN:
SF:/home/david/AngularJS_workplace/Angular_workshop_emplHierarchy/HierarchyProject/js/controller/helpMyProfileController.js
FN:2,(anonymous_1)
FN:6,(anonymous_2)
FN:15,(anonymous_3)
FN:31,(anonymous_4)
FNF:4
FNH:4
FNDA:4,(anonymous_1)
FNDA:2,(anonymous_2)
FNDA:2,(anonymous_3)
FNDA:3,(anonymous_4)
DA:1,1
DA:4,4
DA:6,4
DA:8,2
DA:9,2
DA:10,2
DA:11,2
DA:12,2
DA:15,4
DA:16,2
DA:18,1
DA:19,1
DA:20,1
DA:21,1
DA:22,1
DA:27,1
DA:31,4
DA:32,3
LF:18
LH:18
BRDA:16,1,0,1
BRDA:16,1,1,1
BRDA:16,2,0,2
BRDA:16,2,1,1
BRF:4
BRH:4
end_of_record
TN:
SF:/home/david/AngularJS_workplace/Angular_workshop_emplHierarchy/HierarchyProject/js/controller/helpMyProfileControllerSpec.js
FN:1,(anonymous_1)
FN:14,(anonymous_2)
FN:21,(anonymous_3)
FN:36,(anonymous_4)
FN:41,(anonymous_5)
FN:46,(anonymous_6)
FN:55,(anonymous_7)
FN:60,(anonymous_8)
FNF:8
FNH:8
FNDA:1,(anonymous_1)
FNDA:4,(anonymous_2)
FNDA:3,(anonymous_3)
FNDA:4,(anonymous_4)
FNDA:1,(anonymous_5)
FNDA:1,(anonymous_6)
FNDA:1,(anonymous_7)
FNDA:1,(anonymous_8)
DA:1,1
DA:3,1
DA:5,1
DA:7,1
DA:12,1
DA:14,1
DA:16,4
DA:20,4
DA:22,3
DA:23,2
DA:27,4
DA:31,4
DA:32,4
DA:33,4
DA:36,1
DA:38,4
DA:41,1
DA:43,1
DA:46,1
DA:47,1
DA:49,1
DA:50,1
DA:51,1
DA:52,1
DA:55,1
DA:56,1
DA:57,1
DA:60,1
DA:61,1
DA:62,1
DA:63,1
DA:65,1
DA:66,1
DA:67,1
DA:68,1
LF:35
LH:35
BRDA:22,1,0,1
BRDA:22,1,1,2
BRF:2
BRH:2
end_of_record
TN:
SF:/home/david/AngularJS_workplace/Angular_workshop_emplHierarchy/HierarchyProject/js/controller/loginController.js
FN:2,(anonymous_1)
FN:9,(anonymous_2)
FN:16,(anonymous_3)
FN:20,(anonymous_4)
FN:26,(anonymous_5)
FN:43,(anonymous_6)
FNF:6
FNH:6
FNDA:7,(anonymous_1)
FNDA:6,(anonymous_2)
FNDA:5,(anonymous_3)
FNDA:1,(anonymous_4)
FNDA:4,(anonymous_5)
FNDA:4,(anonymous_6)
DA:1,1
DA:4,7
DA:5,7
DA:6,7
DA:7,7
DA:9,7
DA:11,6
DA:12,6
DA:13,6
DA:14,6
DA:15,6
DA:16,6
DA:18,5
DA:22,1
DA:26,7
DA:28,4
DA:29,4
DA:31,2
DA:32,2
DA:33,2
DA:34,2
DA:35,2
DA:39,2
DA:43,7
DA:45,4
DA:47,7
DA:48,2
DA:51,2
LF:28
LH:28
BRDA:29,1,0,2
BRDA:29,1,1,2
BRDA:47,2,0,2
BRDA:47,2,1,5
BRDA:47,3,0,7
BRDA:47,3,1,3
BRF:6
BRH:6
end_of_record
TN:
SF:/home/david/AngularJS_workplace/Angular_workshop_emplHierarchy/HierarchyProject/js/controller/loginControllerSpec.js
FN:1,(anonymous_1)
FN:10,(anonymous_2)
FN:15,(anonymous_3)
FN:20,(anonymous_4)
FN:30,(anonymous_5)
FN:35,(anonymous_6)
FN:40,(anonymous_7)
FN:56,(anonymous_8)
FN:72,(anonymous_9)
FN:85,(anonymous_10)
FN:98,(anonymous_11)
FN:116,(anonymous_12)
FNF:12
FNH:11
FNDA:1,(anonymous_1)
FNDA:7,(anonymous_2)
FNDA:0,(anonymous_3)
FNDA:6,(anonymous_4)
FNDA:7,(anonymous_5)
FNDA:1,(anonymous_6)
FNDA:1,(anonymous_7)
FNDA:1,(anonymous_8)
FNDA:1,(anonymous_9)
FNDA:1,(anonymous_10)
FNDA:1,(anonymous_11)
FNDA:1,(anonymous_12)
DA:1,1
DA:3,1
DA:5,1
DA:7,1
DA:10,1
DA:12,7
DA:14,7
DA:18,7
DA:21,6
DA:22,1
DA:25,7
DA:26,7
DA:27,7
DA:30,1
DA:32,7
DA:35,1
DA:37,1
DA:40,1
DA:42,1
DA:43,1
DA:44,1
DA:46,1
DA:48,1
DA:49,1
DA:50,1
DA:51,1
DA:52,1
DA:53,1
DA:56,1
DA:58,1
DA:59,1
DA:60,1
DA:62,1
DA:64,1
DA:65,1
DA:66,1
DA:67,1
DA:68,1
DA:69,1
DA:72,1
DA:74,1
DA:76,1
DA:77,1
DA:78,1
DA:80,1
DA:82,1
DA:85,1
DA:87,1
DA:89,1
DA:90,1
DA:91,1
DA:93,1
DA:95,1
DA:98,1
DA:100,1
DA:102,1
DA:103,1
DA:104,1
DA:105,1
DA:107,1
DA:109,1
DA:110,1
DA:111,1
DA:112,1
DA:113,1
DA:116,1
DA:118,1
DA:120,1
DA:121,1
DA:122,1
DA:123,1
DA:125,1
DA:127,1
DA:128,1
DA:129,1
DA:130,1
DA:131,1
LF:77
LH:77
BRDA:21,1,0,5
BRDA:21,1,1,1
BRF:2
BRH:2
end_of_record
TN:
SF:/home/david/AngularJS_workplace/Angular_workshop_emplHierarchy/HierarchyProject/js/controller/mngtHierarchyController.js
FN:2,(anonymous_1)
FN:13,(anonymous_2)
FN:27,(anonymous_3)
FN:35,(anonymous_4)
FN:59,(anonymous_5)
FN:63,(anonymous_6)
FN:70,(anonymous_7)
FN:74,(anonymous_8)
FN:92,(anonymous_9)
FN:102,(anonymous_10)
FN:109,(anonymous_11)
FN:114,(anonymous_12)
FN:119,(anonymous_13)
FN:132,(anonymous_14)
FN:137,(anonymous_15)
FNF:15
FNH:15
FNDA:13,(anonymous_1)
FNDA:6,(anonymous_2)
FNDA:5,(anonymous_3)
FNDA:4,(anonymous_4)
FNDA:3,(anonymous_5)
FNDA:3,(anonymous_6)
FNDA:5,(anonymous_7)
FNDA:5,(anonymous_8)
FNDA:5,(anonymous_9)
FNDA:1,(anonymous_10)
FNDA:1,(anonymous_11)
FNDA:2,(anonymous_12)
FNDA:20,(anonymous_13)
FNDA:6,(anonymous_14)
FNDA:5,(anonymous_15)
DA:1,1
DA:4,13
DA:6,13
DA:7,13
DA:8,13
DA:9,13
DA:10,13
DA:11,13
DA:13,13
DA:15,6
DA:16,6
DA:17,6
DA:18,6
DA:19,6
DA:20,6
DA:21,6
DA:22,1
DA:26,5
DA:27,5
DA:29,5
DA:30,5
DA:32,1
DA:33,1
DA:35,4
DA:37,4
DA:38,4
DA:40,3
DA:41,2
DA:45,1
DA:46,1
DA:47,1
DA:52,1
DA:59,13
DA:61,3
DA:62,3
DA:63,3
DA:65,3
DA:66,2
DA:70,13
DA:72,5
DA:73,5
DA:74,5
DA:76,5
DA:78,1
DA:79,1
DA:80,1
DA:81,1
DA:85,4
DA:87,5
DA:88,5
DA:92,13
DA:94,5
DA:95,5
DA:96,5
DA:97,5
DA:98,5
DA:99,5
DA:102,13
DA:104,1
DA:105,1
DA:106,1
DA:109,13
DA:111,1
DA:114,13
DA:116,2
DA:119,13
DA:121,20
DA:122,20
DA:123,20
DA:124,20
DA:125,20
DA:127,15
DA:129,20
DA:132,13
DA:134,6
DA:137,13
DA:139,5
LF:77
LH:77
BRDA:21,1,0,1
BRDA:21,1,1,5
BRDA:30,2,0,1
BRDA:30,2,1,4
BRDA:38,3,0,3
BRDA:38,3,1,1
BRDA:40,4,0,2
BRDA:40,4,1,1
BRDA:65,5,0,1
BRDA:65,5,1,2
BRDA:76,6,0,1
BRDA:76,6,1,4
BRDA:99,7,0,4
BRDA:99,7,1,1
BRDA:99,8,0,5
BRDA:99,8,1,3
BRDA:121,9,0,5
BRDA:121,9,1,15
BRDA:134,10,0,6
BRDA:134,10,1,6
BRDA:134,10,2,6
BRF:21
BRH:21
end_of_record
TN:
SF:/home/david/AngularJS_workplace/Angular_workshop_emplHierarchy/HierarchyProject/js/controller/mngtHierarchyControllerSpec.js
FN:1,(anonymous_1)
FN:36,(anonymous_2)
FN:54,(anonymous_3)
FN:58,(anonymous_4)
FN:62,(anonymous_5)
FN:77,(anonymous_6)
FN:78,(anonymous_7)
FN:79,(anonymous_8)
FN:86,(anonymous_9)
FN:93,(anonymous_10)
FN:98,(anonymous_11)
FN:101,(anonymous_12)
FN:113,(anonymous_13)
FN:118,(anonymous_14)
FN:123,(anonymous_15)
FN:128,(anonymous_16)
FN:155,(anonymous_17)
FN:183,(anonymous_18)
FN:204,(anonymous_19)
FN:219,(anonymous_20)
FN:236,(anonymous_21)
FN:253,(anonymous_22)
FN:267,(anonymous_23)
FN:282,(anonymous_24)
FN:299,(anonymous_25)
FN:316,(anonymous_26)
FNF:26
FNH:24
FNDA:1,(anonymous_1)
FNDA:13,(anonymous_2)
FNDA:5,(anonymous_3)
FNDA:4,(anonymous_4)
FNDA:5,(anonymous_5)
FNDA:0,(anonymous_6)
FNDA:5,(anonymous_7)
FNDA:3,(anonymous_8)
FNDA:1,(anonymous_9)
FNDA:5,(anonymous_10)
FNDA:0,(anonymous_11)
FNDA:13,(anonymous_12)
FNDA:13,(anonymous_13)
FNDA:1,(anonymous_14)
FNDA:1,(anonymous_15)
FNDA:1,(anonymous_16)
FNDA:1,(anonymous_17)
FNDA:1,(anonymous_18)
FNDA:1,(anonymous_19)
FNDA:1,(anonymous_20)
FNDA:1,(anonymous_21)
FNDA:1,(anonymous_22)
FNDA:1,(anonymous_23)
FNDA:1,(anonymous_24)
FNDA:1,(anonymous_25)
FNDA:1,(anonymous_26)
DA:1,1
DA:3,1
DA:5,1
DA:7,1
DA:9,1
DA:36,1
DA:38,13
DA:46,13
DA:55,5
DA:56,1
DA:59,4
DA:60,1
DA:63,5
DA:64,4
DA:65,3
DA:66,2
DA:68,1
DA:71,1
DA:74,1
DA:80,3
DA:81,1
DA:83,2
DA:87,1
DA:91,13
DA:96,13
DA:100,13
DA:102,13
DA:106,13
DA:107,13
DA:108,13
DA:109,13
DA:110,13
DA:113,1
DA:115,13
DA:118,1
DA:120,1
DA:123,1
DA:125,1
DA:128,1
DA:130,1
DA:131,1
DA:132,1
DA:133,1
DA:134,1
DA:136,1
DA:137,1
DA:138,1
DA:139,1
DA:140,1
DA:142,1
DA:143,1
DA:144,1
DA:146,1
DA:148,1
DA:149,1
DA:150,1
DA:151,1
DA:152,1
DA:155,1
DA:157,1
DA:158,1
DA:159,1
DA:160,1
DA:161,1
DA:162,1
DA:163,1
DA:165,1
DA:166,1
DA:167,1
DA:168,1
DA:170,1
DA:171,1
DA:172,1
DA:174,1
DA:176,1
DA:177,1
DA:178,1
DA:179,1
DA:180,1
DA:183,1
DA:185,1
DA:186,1
DA:187,1
DA:188,1
DA:189,1
DA:190,1
DA:191,1
DA:192,1
DA:194,1
DA:195,1
DA:197,1
DA:199,1
DA:200,1
DA:201,1
DA:204,1
DA:206,1
DA:207,1
DA:208,1
DA:210,1
DA:212,1
DA:213,1
DA:214,1
DA:215,1
DA:216,1
DA:219,1
DA:221,1
DA:222,1
DA:224,1
DA:225,1
DA:226,1
DA:228,1
DA:229,1
DA:230,1
DA:231,1
DA:232,1
DA:233,1
DA:236,1
DA:238,1
DA:239,1
DA:240,1
DA:241,1
DA:243,1
DA:244,1
DA:246,1
DA:247,1
DA:248,1
DA:249,1
DA:250,1
DA:253,1
DA:255,1
DA:256,1
DA:258,1
DA:259,1
DA:261,1
DA:262,1
DA:263,1
DA:264,1
DA:267,1
DA:269,1
DA:270,1
DA:271,1
DA:272,1
DA:274,1
DA:275,1
DA:277,1
DA:278,1
DA:279,1
DA:282,1
DA:284,1
DA:285,1
DA:286,1
DA:287,1
DA:288,1
DA:290,1
DA:291,1
DA:293,1
DA:294,1
DA:295,1
DA:296,1
DA:299,1
DA:301,1
DA:302,1
DA:303,1
DA:304,1
DA:306,1
DA:307,1
DA:309,1
DA:310,1
DA:311,1
DA:312,1
DA:313,1
DA:316,1
DA:318,1
DA:319,1
LF:174
LH:174
BRDA:55,1,0,4
BRDA:55,1,1,1
BRDA:59,2,0,3
BRDA:59,2,1,1
BRDA:63,3,0,4
BRDA:63,3,1,1
BRDA:64,4,0,3
BRDA:64,4,1,1
BRDA:65,5,0,2
BRDA:65,5,1,1
BRDA:80,6,0,1
BRDA:80,6,1,2
BRF:12
BRH:12
end_of_record
TN:
SF:/home/david/AngularJS_workplace/Angular_workshop_emplHierarchy/HierarchyProject/js/controller/myProfileContrller.js
FN:5,(anonymous_1)
FN:9,(anonymous_2)
FN:30,(anonymous_3)
FN:34,(anonymous_4)
FN:44,(anonymous_5)
FN:50,(anonymous_6)
FN:77,(anonymous_7)
FN:84,(anonymous_8)
FN:121,(anonymous_9)
FN:127,(anonymous_10)
FN:144,(anonymous_11)
FN:150,(anonymous_12)
FN:163,(anonymous_13)
FN:177,(anonymous_14)
FN:191,(anonymous_15)
FN:197,(anonymous_16)
FNF:16
FNH:16
FNDA:14,(anonymous_1)
FNDA:13,(anonymous_2)
FNDA:13,(anonymous_3)
FNDA:11,(anonymous_4)
FNDA:14,(anonymous_5)
FNDA:10,(anonymous_6)
FNDA:21,(anonymous_7)
FNDA:6,(anonymous_8)
FNDA:1,(anonymous_9)
FNDA:3,(anonymous_10)
FNDA:2,(anonymous_11)
FNDA:10,(anonymous_12)
FNDA:16,(anonymous_13)
FNDA:14,(anonymous_14)
FNDA:13,(anonymous_15)
FNDA:19,(anonymous_16)
DA:4,1
DA:7,14
DA:9,14
DA:11,13
DA:12,13
DA:13,13
DA:14,13
DA:15,13
DA:16,13
DA:17,13
DA:18,13
DA:19,13
DA:20,13
DA:21,13
DA:22,13
DA:23,13
DA:24,13
DA:25,13
DA:26,13
DA:27,13
DA:30,14
DA:31,13
DA:34,14
DA:36,11
DA:37,11
DA:38,11
DA:39,11
DA:40,11
DA:41,11
DA:44,14
DA:46,14
DA:47,14
DA:50,14
DA:51,10
DA:52,10
DA:54,4
DA:56,2
DA:58,1
DA:59,1
DA:60,1
DA:64,1
DA:69,2
DA:74,6
DA:77,14
DA:79,21
DA:80,21
DA:81,21
DA:84,14
DA:86,6
DA:88,3
DA:90,1
DA:91,1
DA:93,2
DA:95,1
DA:96,1
DA:100,1
DA:103,3
DA:105,2
DA:107,1
DA:108,1
DA:112,1
DA:117,1
DA:121,14
DA:123,1
DA:124,1
DA:127,14
DA:129,3
DA:130,3
DA:131,3
DA:132,3
DA:133,3
DA:134,3
DA:135,3
DA:136,3
DA:137,3
DA:138,3
DA:139,3
DA:140,3
DA:141,3
DA:144,14
DA:146,2
DA:147,2
DA:150,14
DA:152,10
DA:154,2
DA:156,8
DA:158,2
DA:160,6
DA:163,14
DA:165,16
DA:166,16
DA:167,16
DA:168,16
DA:169,16
DA:170,16
DA:171,16
DA:172,16
DA:173,16
DA:174,16
DA:177,14
DA:179,14
DA:191,14
DA:193,13
DA:197,14
DA:199,19
LF:105
LH:105
BRDA:31,1,0,0
BRDA:31,1,1,13
BRDA:36,2,0,2
BRDA:36,2,1,9
BRDA:47,3,0,12
BRDA:47,3,1,2
BRDA:52,4,0,4
BRDA:52,4,1,6
BRDA:54,5,0,2
BRDA:54,5,1,2
BRDA:56,6,0,1
BRDA:56,6,1,1
BRDA:86,7,0,3
BRDA:86,7,1,3
BRDA:88,8,0,1
BRDA:88,8,1,2
BRDA:88,9,0,3
BRDA:88,9,1,3
BRDA:93,10,0,1
BRDA:93,10,1,1
BRDA:93,11,0,2
BRDA:93,11,1,2
BRDA:103,12,0,2
BRDA:103,12,1,1
BRDA:105,13,0,1
BRDA:105,13,1,1
BRDA:105,14,0,2
BRDA:105,14,1,2
BRDA:152,15,0,2
BRDA:152,15,1,8
BRDA:152,16,0,10
BRDA:152,16,1,5
BRDA:152,16,2,3
BRDA:156,17,0,2
BRDA:156,17,1,6
BRDA:156,18,0,8
BRDA:156,18,1,5
BRDA:156,18,2,3
BRDA:179,19,0,14
BRDA:179,19,1,13
BRDA:179,19,2,13
BRDA:179,19,3,12
BRDA:179,19,4,12
BRDA:179,19,5,12
BRDA:179,19,6,12
BRDA:179,19,7,12
BRDA:179,19,8,12
BRDA:179,19,9,12
BRDA:193,20,0,13
BRDA:193,20,1,1
BRF:50
BRH:49
end_of_record
TN:
SF:/home/david/AngularJS_workplace/Angular_workshop_emplHierarchy/HierarchyProject/js/controller/myProfileContrllerSpec.js
FN:1,(anonymous_1)
FN:18,(anonymous_2)
FN:26,(anonymous_3)
FN:41,(anonymous_4)
FN:46,(anonymous_5)
FN:51,(anonymous_6)
FN:74,(anonymous_7)
FN:100,(anonymous_8)
FN:119,(anonymous_9)
FN:142,(anonymous_10)
FN:167,(anonymous_11)
FN:184,(anonymous_12)
FN:201,(anonymous_13)
FN:218,(anonymous_14)
FN:236,(anonymous_15)
FN:254,(anonymous_16)
FN:272,(anonymous_17)
FN:291,(anonymous_18)
FN:314,(anonymous_19)
FN:327,(anonymous_20)
FNF:20
FNH:20
FNDA:1,(anonymous_1)
FNDA:14,(anonymous_2)
FNDA:19,(anonymous_3)
FNDA:14,(anonymous_4)
FNDA:1,(anonymous_5)
FNDA:1,(anonymous_6)
FNDA:1,(anonymous_7)
FNDA:1,(anonymous_8)
FNDA:1,(anonymous_9)
FNDA:1,(anonymous_10)
FNDA:1,(anonymous_11)
FNDA:1,(anonymous_12)
FNDA:1,(anonymous_13)
FNDA:1,(anonymous_14)
FNDA:1,(anonymous_15)
FNDA:1,(anonymous_16)
FNDA:1,(anonymous_17)
FNDA:1,(anonymous_18)
FNDA:2,(anonymous_19)
FNDA:1,(anonymous_20)
DA:1,1
DA:3,1
DA:5,1
DA:8,1
DA:14,1
DA:16,1
DA:18,1
DA:20,14
DA:25,14
DA:27,19
DA:28,1
DA:32,14
DA:36,14
DA:37,14
DA:38,14
DA:41,1
DA:43,14
DA:46,1
DA:48,1
DA:51,1
DA:53,1
DA:55,1
DA:56,1
DA:57,1
DA:58,1
DA:59,1
DA:60,1
DA:61,1
DA:62,1
DA:63,1
DA:64,1
DA:65,1
DA:66,1
DA:67,1
DA:68,1
DA:69,1
DA:71,1
DA:74,1
DA:76,1
DA:77,1
DA:79,1
DA:81,1
DA:82,1
DA:83,1
DA:84,1
DA:85,1
DA:86,1
DA:87,1
DA:88,1
DA:89,1
DA:90,1
DA:91,1
DA:92,1
DA:93,1
DA:94,1
DA:95,1
DA:97,1
DA:100,1
DA:102,1
DA:103,1
DA:105,1
DA:106,1
DA:108,1
DA:109,1
DA:110,1
DA:112,1
DA:113,1
DA:114,1
DA:115,1
DA:116,1
DA:119,1
DA:121,1
DA:123,1
DA:124,1
DA:126,1
DA:127,1
DA:128,1
DA:129,1
DA:131,1
DA:132,1
DA:133,1
DA:134,1
DA:136,1
DA:137,1
DA:138,1
DA:139,1
DA:142,1
DA:144,1
DA:145,1
DA:146,1
DA:148,1
DA:149,1
DA:150,1
DA:152,1
DA:154,1
DA:155,1
DA:156,1
DA:158,1
DA:159,1
DA:161,1
DA:162,1
DA:163,1
DA:164,1
DA:167,1
DA:169,1
DA:170,1
DA:172,1
DA:173,1
DA:174,1
DA:176,1
DA:177,1
DA:179,1
DA:180,1
DA:181,1
DA:184,1
DA:186,1
DA:187,1
DA:189,1
DA:190,1
DA:191,1
DA:193,1
DA:195,1
DA:196,1
DA:197,1
DA:198,1
DA:201,1
DA:203,1
DA:204,1
DA:206,1
DA:207,1
DA:208,1
DA:210,1
DA:212,1
DA:213,1
DA:214,1
DA:215,1
DA:218,1
DA:220,1
DA:221,1
DA:223,1
DA:224,1
DA:225,1
DA:227,1
DA:228,1
DA:230,1
DA:231,1
DA:232,1
DA:233,1
DA:236,1
DA:238,1
DA:239,1
DA:241,1
DA:242,1
DA:243,1
DA:245,1
DA:246,1
DA:248,1
DA:249,1
DA:250,1
DA:251,1
DA:254,1
DA:256,1
DA:257,1
DA:259,1
DA:260,1
DA:261,1
DA:263,1
DA:264,1
DA:266,1
DA:267,1
DA:268,1
DA:269,1
DA:272,1
DA:274,1
DA:275,1
DA:277,1
DA:278,1
DA:279,1
DA:281,1
DA:282,1
DA:283,1
DA:285,1
DA:286,1
DA:287,1
DA:288,1
DA:291,1
DA:293,1
DA:294,1
DA:296,1
DA:297,1
DA:298,1
DA:299,1
DA:301,1
DA:302,1
DA:303,1
DA:305,1
DA:307,1
DA:308,1
DA:309,1
DA:310,1
DA:311,1
DA:314,1
DA:316,2
DA:317,2
DA:318,2
DA:319,2
DA:320,2
DA:321,2
DA:322,2
DA:323,2
DA:324,2
DA:327,1
DA:329,1
DA:330,1
DA:331,1
DA:332,1
DA:333,1
DA:334,1
DA:335,1
DA:336,1
DA:337,1
LF:221
LH:221
BRDA:27,1,0,18
BRDA:27,1,1,1
BRF:2
BRH:2
end_of_record
TN:
SF:/home/david/AngularJS_workplace/Angular_workshop_emplHierarchy/HierarchyProject/js/controller/nodeController.js
FN:2,(anonymous_1)
FN:10,(anonymous_2)
FN:17,(anonymous_3)
FN:30,(anonymous_4)
FN:43,(anonymous_5)
FN:53,(anonymous_6)
FN:58,(anonymous_7)
FN:62,(anonymous_8)
FN:83,(anonymous_9)
FN:98,(anonymous_10)
FN:107,(anonymous_11)
FN:117,(anonymous_12)
FN:134,(anonymous_13)
FN:139,(anonymous_14)
FN:145,(anonymous_15)
FN:154,(anonymous_16)
FN:158,(anonymous_17)
FN:168,(anonymous_18)
FN:172,(anonymous_19)
FNF:19
FNH:19
FNDA:19,(anonymous_1)
FNDA:1,(anonymous_2)
FNDA:4,(anonymous_3)
FNDA:24,(anonymous_4)
FNDA:4,(anonymous_5)
FNDA:2,(anonymous_6)
FNDA:1,(anonymous_7)
FNDA:5,(anonymous_8)
FNDA:2,(anonymous_9)
FNDA:5,(anonymous_10)
FNDA:16,(anonymous_11)
FNDA:4,(anonymous_12)
FNDA:3,(anonymous_13)
FNDA:3,(anonymous_14)
FNDA:6,(anonymous_15)
FNDA:6,(anonymous_16)
FNDA:6,(anonymous_17)
FNDA:6,(anonymous_18)
FNDA:6,(anonymous_19)
DA:1,1
DA:4,19
DA:5,19
DA:6,19
DA:7,19
DA:8,19
DA:10,19
DA:11,1
DA:12,1
DA:13,1
DA:14,1
DA:17,19
DA:18,4
DA:19,4
DA:20,1
DA:22,3
DA:24,4
DA:25,4
DA:26,2
DA:30,19
DA:31,24
DA:32,6
DA:33,6
DA:34,3
DA:38,24
DA:39,18
DA:43,19
DA:44,4
DA:45,4
DA:47,3
DA:48,3
DA:50,4
DA:53,19
DA:54,2
DA:55,2
DA:58,19
DA:59,1
DA:62,19
DA:64,5
DA:65,1
DA:68,4
DA:69,1
DA:72,3
DA:73,3
DA:74,1
DA:77,2
DA:78,1
DA:80,1
DA:83,19
DA:84,2
DA:85,2
DA:86,2
DA:87,2
DA:88,2
DA:89,4
DA:90,1
DA:95,1
DA:98,19
DA:99,5
DA:100,4
DA:102,5
DA:103,4
DA:107,19
DA:108,16
DA:109,11
DA:110,11
DA:111,5
DA:112,5
DA:117,19
DA:118,4
DA:119,2
DA:120,2
DA:121,1
DA:122,1
DA:123,1
DA:124,1
DA:126,1
DA:129,2
DA:130,2
DA:134,19
DA:135,3
DA:136,3
DA:139,19
DA:140,3
DA:141,3
DA:142,3
DA:145,19
DA:146,6
DA:147,6
DA:148,6
DA:149,6
DA:150,6
DA:151,6
DA:154,19
DA:155,6
DA:158,19
DA:159,6
DA:160,4
DA:161,2
DA:162,1
DA:164,1
DA:168,19
DA:169,6
DA:172,19
DA:173,6
LF:105
LH:105
BRDA:19,1,0,1
BRDA:19,1,1,3
BRDA:25,2,0,2
BRDA:25,2,1,2
BRDA:31,3,0,6
BRDA:31,3,1,18
BRDA:33,4,0,3
BRDA:33,4,1,3
BRDA:64,5,0,1
BRDA:64,5,1,4
BRDA:68,6,0,1
BRDA:68,6,1,3
BRDA:73,7,0,1
BRDA:73,7,1,2
BRDA:77,8,0,1
BRDA:77,8,1,1
BRDA:84,9,0,0
BRDA:84,9,1,2
BRDA:86,10,0,2
BRDA:86,10,1,0
BRDA:87,11,0,2
BRDA:87,11,1,0
BRDA:89,12,0,1
BRDA:89,12,1,3
BRDA:99,13,0,4
BRDA:99,13,1,1
BRDA:110,14,0,5
BRDA:110,14,1,6
BRDA:118,15,0,2
BRDA:118,15,1,2
BRDA:120,16,0,1
BRDA:120,16,1,1
BRDA:159,17,0,4
BRDA:159,17,1,2
BRDA:161,18,0,1
BRDA:161,18,1,1
BRF:36
BRH:33
end_of_record
TN:
SF:/home/david/AngularJS_workplace/Angular_workshop_emplHierarchy/HierarchyProject/js/controller/nodeControllerSpec.js
FN:1,(anonymous_1)
FN:22,(anonymous_2)
FN:32,(anonymous_3)
FN:43,(anonymous_4)
FN:47,(anonymous_5)
FN:54,(anonymous_6)
FN:65,(anonymous_7)
FN:70,(anonymous_8)
FN:75,(anonymous_9)
FN:86,(anonymous_10)
FN:97,(anonymous_11)
FN:108,(anonymous_12)
FN:126,(anonymous_13)
FN:136,(anonymous_14)
FN:145,(anonymous_15)
FN:153,(anonymous_16)
FN:160,(anonymous_17)
FN:168,(anonymous_18)
FN:176,(anonymous_19)
FN:184,(anonymous_20)
FN:196,(anonymous_21)
FN:208,(anonymous_22)
FN:224,(anonymous_23)
FN:248,(anonymous_24)
FN:259,(anonymous_25)
FN:270,(anonymous_26)
FNF:26
FNH:26
FNDA:1,(anonymous_1)
FNDA:19,(anonymous_2)
FNDA:6,(anonymous_3)
FNDA:1,(anonymous_4)
FNDA:1,(anonymous_5)
FNDA:3,(anonymous_6)
FNDA:19,(anonymous_7)
FNDA:1,(anonymous_8)
FNDA:1,(anonymous_9)
FNDA:1,(anonymous_10)
FNDA:1,(anonymous_11)
FNDA:1,(anonymous_12)
FNDA:1,(anonymous_13)
FNDA:1,(anonymous_14)
FNDA:1,(anonymous_15)
FNDA:1,(anonymous_16)
FNDA:1,(anonymous_17)
FNDA:1,(anonymous_18)
FNDA:1,(anonymous_19)
FNDA:1,(anonymous_20)
FNDA:1,(anonymous_21)
FNDA:1,(anonymous_22)
FNDA:1,(anonymous_23)
FNDA:1,(anonymous_24)
FNDA:1,(anonymous_25)
FNDA:1,(anonymous_26)
DA:1,1
DA:3,1
DA:5,1
DA:11,1
DA:20,1
DA:22,1
DA:24,19
DA:31,19
DA:33,6
DA:34,1
DA:36,5
DA:37,1
DA:40,4
DA:46,19
DA:48,1
DA:52,19
DA:55,3
DA:59,19
DA:60,19
DA:61,19
DA:62,19
DA:65,1
DA:67,19
DA:70,1
DA:72,1
DA:75,1
DA:77,1
DA:78,1
DA:79,1
DA:80,1
DA:81,1
DA:82,1
DA:83,1
DA:86,1
DA:88,1
DA:89,1
DA:90,1
DA:92,1
DA:93,1
DA:94,1
DA:97,1
DA:99,1
DA:100,1
DA:101,1
DA:103,1
DA:104,1
DA:105,1
DA:108,1
DA:110,1
DA:111,1
DA:114,1
DA:115,1
DA:116,1
DA:119,1
DA:120,1
DA:121,1
DA:122,1
DA:123,1
DA:126,1
DA:128,1
DA:129,1
DA:131,1
DA:133,1
DA:136,1
DA:138,1
DA:140,1
DA:141,1
DA:142,1
DA:145,1
DA:147,1
DA:148,1
DA:149,1
DA:150,1
DA:153,1
DA:155,1
DA:156,1
DA:157,1
DA:160,1
DA:162,1
DA:163,1
DA:164,1
DA:165,1
DA:168,1
DA:170,1
DA:171,1
DA:172,1
DA:173,1
DA:176,1
DA:178,1
DA:179,1
DA:180,1
DA:181,1
DA:184,1
DA:186,1
DA:187,1
DA:188,1
DA:189,1
DA:191,1
DA:192,1
DA:193,1
DA:196,1
DA:198,1
DA:199,1
DA:200,1
DA:201,1
DA:203,1
DA:204,1
DA:205,1
DA:208,1
DA:210,1
DA:211,1
DA:212,1
DA:213,1
DA:214,1
DA:216,1
DA:217,1
DA:218,1
DA:219,1
DA:220,1
DA:221,1
DA:224,1
DA:226,1
DA:228,1
DA:231,1
DA:232,1
DA:234,1
DA:236,1
DA:237,1
DA:238,1
DA:239,1
DA:242,1
DA:243,1
DA:245,1
DA:248,1
DA:250,1
DA:251,1
DA:252,1
DA:253,1
DA:254,1
DA:255,1
DA:256,1
DA:259,1
DA:261,1
DA:262,1
DA:263,1
DA:264,1
DA:265,1
DA:266,1
DA:267,1
DA:270,1
DA:272,1
DA:273,1
DA:274,1
DA:275,1
DA:276,1
DA:277,1
DA:278,1
LF:157
LH:157
BRDA:33,1,0,1
BRDA:33,1,1,5
BRDA:36,2,0,1
BRDA:36,2,1,4
BRF:4
BRH:4
end_of_record
TN:
SF:/home/david/AngularJS_workplace/Angular_workshop_emplHierarchy/HierarchyProject/js/directives/dateValidation_directive.js
FN:2,(anonymous_1)
FN:6,(anonymous_2)
FN:8,(anonymous_3)
FN:35,(anonymous_4)
FN:55,(anonymous_5)
FNF:5
FNH:5
FNDA:5,(anonymous_1)
FNDA:5,(anonymous_2)
FNDA:5,(anonymous_3)
FNDA:3,(anonymous_4)
FNDA:2,(anonymous_5)
DA:2,1
DA:3,5
DA:8,5
DA:10,5
DA:11,5
DA:13,5
DA:15,1
DA:16,1
DA:20,4
DA:22,4
DA:24,3
DA:28,1
DA:30,4
DA:32,5
DA:35,5
DA:37,3
DA:39,1
DA:40,1
DA:42,2
DA:43,2
DA:44,2
DA:46,1
DA:50,1
DA:51,1
DA:55,5
DA:57,2
DA:58,2
LF:27
LH:27
BRDA:13,1,0,1
BRDA:13,1,1,4
BRDA:22,2,0,3
BRDA:22,2,1,1
BRDA:37,3,0,1
BRDA:37,3,1,2
BRDA:44,4,0,1
BRDA:44,4,1,1
BRF:8
BRH:8
end_of_record
TN:
SF:/home/david/AngularJS_workplace/Angular_workshop_emplHierarchy/HierarchyProject/js/directives/dateValidation_directiveSpec.js
FN:2,(anonymous_1)
FN:8,(anonymous_2)
FN:31,(anonymous_3)
FN:43,(anonymous_4)
FN:55,(anonymous_5)
FN:67,(anonymous_6)
FN:79,(anonymous_7)
FN:96,(anonymous_8)
FN:102,(anonymous_9)
FNF:9
FNH:9
FNDA:1,(anonymous_1)
FNDA:5,(anonymous_2)
FNDA:1,(anonymous_3)
FNDA:1,(anonymous_4)
FNDA:1,(anonymous_5)
FNDA:1,(anonymous_6)
FNDA:1,(anonymous_7)
FNDA:1,(anonymous_8)
FNDA:2,(anonymous_9)
DA:2,1
DA:4,1
DA:6,1
DA:8,1
DA:10,5
DA:12,5
DA:16,5
DA:25,5
DA:27,5
DA:28,5
DA:31,1
DA:33,1
DA:34,1
DA:36,1
DA:37,1
DA:38,1
DA:39,1
DA:40,1
DA:43,1
DA:45,1
DA:46,1
DA:48,1
DA:49,1
DA:50,1
DA:51,1
DA:52,1
DA:55,1
DA:57,1
DA:58,1
DA:60,1
DA:61,1
DA:62,1
DA:63,1
DA:64,1
DA:67,1
DA:69,1
DA:70,1
DA:72,1
DA:73,1
DA:74,1
DA:75,1
DA:76,1
DA:79,1
DA:81,1
DA:82,1
DA:83,1
DA:84,1
DA:85,1
DA:86,1
DA:87,1
DA:89,1
DA:90,1
DA:91,1
DA:92,1
DA:93,1
DA:96,1
DA:98,1
DA:99,1
DA:102,1
DA:103,2
LF:60
LH:60
BRDA:103,1,0,0
BRDA:103,1,1,2
BRF:2
BRH:1
end_of_record
TN:
SF:/home/david/AngularJS_workplace/Angular_workshop_emplHierarchy/HierarchyProject/js/directives/nodeDirective.js
FN:1,(anonymous_1)
FN:16,(anonymous_2)
FN:25,(anonymous_3)
FN:30,(anonymous_4)
FN:35,(anonymous_5)
FN:47,(anonymous_6)
FN:52,(anonymous_7)
FN:57,(anonymous_8)
FN:72,(anonymous_9)
FN:93,(anonymous_10)
FN:98,(anonymous_11)
FN:109,(anonymous_12)
FN:117,(anonymous_13)
FNF:13
FNH:3
FNDA:1,(anonymous_1)
FNDA:1,(anonymous_2)
FNDA:0,(anonymous_3)
FNDA:0,(anonymous_4)
FNDA:0,(anonymous_5)
FNDA:0,(anonymous_6)
FNDA:0,(anonymous_7)
FNDA:0,(anonymous_8)
FNDA:0,(anonymous_9)
FNDA:0,(anonymous_10)
FNDA:0,(anonymous_11)
FNDA:0,(anonymous_12)
FNDA:1,(anonymous_13)
DA:1,1
DA:2,1
DA:19,1
DA:21,1
DA:23,1
DA:25,1
DA:27,0
DA:30,1
DA:32,0
DA:35,1
DA:37,0
DA:39,0
DA:40,0
DA:41,0
DA:42,0
DA:43,0
DA:47,1
DA:49,0
DA:52,1
DA:54,0
DA:57,1
DA:58,0
DA:59,0
DA:61,0
DA:62,0
DA:66,0
DA:67,0
DA:69,0
DA:72,1
DA:74,0
DA:76,0
DA:78,0
DA:79,0
DA:80,0
DA:83,0
DA:84,0
DA:85,0
DA:87,0
DA:89,0
DA:93,1
DA:95,0
DA:98,1
DA:100,0
DA:101,0
DA:103,0
DA:106,0
DA:109,1
DA:111,0
DA:112,0
DA:113,0
DA:114,0
DA:117,1
DA:118,1
DA:120,0
DA:121,0
DA:124,1
LF:56
LH:18
BRDA:32,1,0,0
BRDA:32,1,1,0
BRDA:37,2,0,0
BRDA:37,2,1,0
BRDA:59,3,0,0
BRDA:59,3,1,0
BRDA:76,4,0,0
BRDA:76,4,1,0
BRDA:78,5,0,0
BRDA:78,5,1,0
BRDA:87,6,0,0
BRDA:87,6,1,0
BRDA:101,7,0,0
BRDA:101,7,1,0
BRDA:118,8,0,0
BRDA:118,8,1,1
BRF:16
BRH:1
end_of_record
TN:
SF:/home/david/AngularJS_workplace/Angular_workshop_emplHierarchy/HierarchyProject/js/directives/nodeDirectiveSpec.js
FN:3,(anonymous_1)
FN:11,(anonymous_2)
FN:22,(anonymous_3)
FN:28,(anonymous_4)
FN:43,(anonymous_5)
FN:44,(anonymous_6)
FN:69,(anonymous_7)
FNF:7
FNH:5
FNDA:1,(anonymous_1)
FNDA:1,(anonymous_2)
FNDA:1,(anonymous_3)
FNDA:1,(anonymous_4)
FNDA:0,(anonymous_5)
FNDA:0,(anonymous_6)
FNDA:1,(anonymous_7)
DA:3,1
DA:5,1
DA:6,1
DA:8,1
DA:11,1
DA:13,1
DA:16,1
DA:17,1
DA:22,1
DA:24,1
DA:26,1
DA:27,1
DA:28,1
DA:29,1
DA:35,1
DA:36,1
DA:37,1
DA:39,1
DA:40,1
DA:42,1
DA:48,1
DA:50,1
DA:58,1
DA:60,1
DA:62,1
DA:64,1
DA:65,1
DA:69,1
DA:70,1
DA:71,1
DA:72,1
DA:73,1
LF:32
LH:32
BRF:0
BRH:0
end_of_record
TN:
SF:/home/david/AngularJS_workplace/Angular_workshop_emplHierarchy/HierarchyProject/js/service/AuthServices.js
FN:3,(anonymous_1)
FN:7,Auth
FN:12,(anonymous_3)
FN:21,(anonymous_4)
FN:42,(anonymous_5)
FN:45,(anonymous_6)
FN:56,(anonymous_7)
FN:65,(anonymous_8)
FN:81,(anonymous_9)
FN:85,(anonymous_10)
FN:102,(anonymous_11)
FN:115,(anonymous_12)
FN:120,(anonymous_13)
FNF:13
FNH:13
FNDA:136,(anonymous_1)
FNDA:136,Auth
FNDA:4,(anonymous_3)
FNDA:14,(anonymous_4)
FNDA:12,(anonymous_5)
FNDA:24,(anonymous_6)
FNDA:11,(anonymous_7)
FNDA:6,(anonymous_8)
FNDA:5,(anonymous_9)
FNDA:9,(anonymous_10)
FNDA:9,(anonymous_11)
FNDA:5,(anonymous_12)
FNDA:2,(anonymous_13)
DA:2,1
DA:4,136
DA:7,1
DA:10,136
DA:12,136
DA:14,4
DA:16,2
DA:18,2
DA:21,136
DA:23,14
DA:25,1
DA:28,13
DA:30,2
DA:33,11
DA:35,11
DA:37,5
DA:39,6
DA:42,136
DA:44,12
DA:45,12
DA:47,24
DA:49,9
DA:50,9
DA:53,12
DA:56,136
DA:58,11
DA:60,1
DA:62,10
DA:65,136
DA:67,6
DA:69,1
DA:71,5
DA:73,5
DA:77,1
DA:81,136
DA:83,5
DA:84,5
DA:85,5
DA:86,9
DA:88,9
DA:90,4
DA:95,1
DA:96,1
DA:99,4
DA:102,136
DA:104,9
DA:107,4
DA:109,4
DA:111,1
DA:115,136
DA:117,5
DA:120,136
DA:122,2
LF:53
LH:53
BRDA:14,1,0,2
BRDA:14,1,1,2
BRDA:23,2,0,1
BRDA:23,2,1,13
BRDA:28,3,0,2
BRDA:28,3,1,11
BRDA:35,4,0,5
BRDA:35,4,1,6
BRDA:47,5,0,9
BRDA:47,5,1,15
BRDA:58,6,0,1
BRDA:58,6,1,10
BRDA:58,7,0,11
BRDA:58,7,1,10
BRDA:67,8,0,1
BRDA:67,8,1,5
BRDA:67,9,0,6
BRDA:67,9,1,5
BRDA:88,10,0,4
BRDA:88,10,1,4
BRDA:104,11,0,4
BRDA:104,11,1,4
BRDA:104,11,2,1
BRF:23
BRH:23
end_of_record
TN:
SF:/home/david/AngularJS_workplace/Angular_workshop_emplHierarchy/HierarchyProject/js/service/AuthServicesSpec.js
FN:1,(anonymous_1)
FN:18,(anonymous_2)
FN:28,(anonymous_3)
FN:38,(anonymous_4)
FN:43,(anonymous_5)
FN:48,(anonymous_6)
FN:54,(anonymous_7)
FN:59,(anonymous_8)
FN:64,(anonymous_9)
FN:69,(anonymous_10)
FN:76,(anonymous_11)
FN:80,(anonymous_12)
FN:85,(anonymous_13)
FN:92,(anonymous_14)
FN:99,(anonymous_15)
FN:106,(anonymous_16)
FN:114,(anonymous_17)
FN:122,(anonymous_18)
FN:131,(anonymous_19)
FN:140,(anonymous_20)
FN:150,(anonymous_21)
FN:160,(anonymous_22)
FN:172,(anonymous_23)
FN:184,(anonymous_24)
FN:189,(anonymous_25)
FNF:25
FNH:25
FNDA:1,(anonymous_1)
FNDA:21,(anonymous_2)
FNDA:5,(anonymous_3)
FNDA:21,(anonymous_4)
FNDA:1,(anonymous_5)
FNDA:1,(anonymous_6)
FNDA:1,(anonymous_7)
FNDA:1,(anonymous_8)
FNDA:1,(anonymous_9)
FNDA:1,(anonymous_10)
FNDA:1,(anonymous_11)
FNDA:1,(anonymous_12)
FNDA:1,(anonymous_13)
FNDA:1,(anonymous_14)
FNDA:1,(anonymous_15)
FNDA:1,(anonymous_16)
FNDA:1,(anonymous_17)
FNDA:1,(anonymous_18)
FNDA:1,(anonymous_19)
FNDA:1,(anonymous_20)
FNDA:1,(anonymous_21)
FNDA:1,(anonymous_22)
FNDA:1,(anonymous_23)
FNDA:1,(anonymous_24)
FNDA:1,(anonymous_25)
DA:1,1
DA:3,1
DA:5,1
DA:7,1
DA:14,1
DA:16,1
DA:18,1
DA:20,21
DA:27,21
DA:29,5
DA:30,4
DA:34,21
DA:35,21
DA:38,1
DA:39,21
DA:40,21
DA:43,1
DA:45,1
DA:48,1
DA:49,1
DA:50,1
DA:51,1
DA:54,1
DA:56,1
DA:59,1
DA:60,1
DA:61,1
DA:64,1
DA:65,1
DA:66,1
DA:69,1
DA:70,1
DA:71,1
DA:73,1
DA:76,1
DA:77,1
DA:80,1
DA:81,1
DA:82,1
DA:85,1
DA:86,1
DA:87,1
DA:89,1
DA:92,1
DA:93,1
DA:94,1
DA:96,1
DA:99,1
DA:100,1
DA:101,1
DA:103,1
DA:106,1
DA:107,1
DA:108,1
DA:109,1
DA:111,1
DA:114,1
DA:115,1
DA:116,1
DA:117,1
DA:119,1
DA:122,1
DA:123,1
DA:124,1
DA:125,1
DA:126,1
DA:128,1
DA:131,1
DA:132,1
DA:133,1
DA:134,1
DA:135,1
DA:137,1
DA:140,1
DA:141,1
DA:142,1
DA:143,1
DA:144,1
DA:145,1
DA:147,1
DA:150,1
DA:151,1
DA:152,1
DA:153,1
DA:154,1
DA:155,1
DA:157,1
DA:160,1
DA:161,1
DA:162,1
DA:163,1
DA:164,1
DA:165,1
DA:166,1
DA:168,1
DA:169,1
DA:172,1
DA:173,1
DA:174,1
DA:175,1
DA:176,1
DA:177,1
DA:178,1
DA:180,1
DA:181,1
DA:184,1
DA:185,1
DA:186,1
DA:189,1
DA:190,1
DA:191,1
LF:111
LH:111
BRDA:29,1,0,1
BRDA:29,1,1,4
BRF:2
BRH:2
end_of_record
TN:
SF:/home/david/AngularJS_workplace/Angular_workshop_emplHierarchy/HierarchyProject/js/service/calculateTimeService.js
FN:1,(anonymous_1)
FN:5,calculateTimeService
FN:9,(anonymous_3)
FN:20,(anonymous_4)
FN:34,(anonymous_5)
FN:42,(anonymous_6)
FN:48,(anonymous_7)
FN:62,(anonymous_8)
FN:67,(anonymous_9)
FN:85,(anonymous_10)
FN:90,(anonymous_11)
FN:95,(anonymous_12)
FNF:12
FNH:12
FNDA:5,(anonymous_1)
FNDA:5,calculateTimeService
FNDA:1,(anonymous_3)
FNDA:7,(anonymous_4)
FNDA:2,(anonymous_5)
FNDA:6,(anonymous_6)
FNDA:6,(anonymous_7)
FNDA:33,(anonymous_8)
FNDA:2,(anonymous_9)
FNDA:9,(anonymous_10)
FNDA:9,(anonymous_11)
FNDA:9,(anonymous_12)
DA:1,1
DA:2,5
DA:5,1
DA:7,5
DA:9,5
DA:11,1
DA:12,1
DA:13,1
DA:14,1
DA:15,1
DA:16,1
DA:17,1
DA:20,5
DA:22,7
DA:23,7
DA:24,7
DA:25,7
DA:26,7
DA:27,1
DA:29,6
DA:30,6
DA:31,6
DA:34,5
DA:36,2
DA:37,2
DA:38,2
DA:39,2
DA:42,5
DA:44,6
DA:45,6
DA:48,5
DA:50,6
DA:51,6
DA:52,21
DA:53,8
DA:56,6
DA:57,6
DA:58,6
DA:62,5
DA:64,33
DA:67,5
DA:69,2
DA:70,2
DA:71,2
DA:72,2
DA:73,2
DA:75,2
DA:76,0
DA:79,2
DA:80,1
DA:82,2
DA:85,5
DA:87,9
DA:90,5
DA:92,9
DA:95,5
DA:97,9
LF:57
LH:56
BRDA:15,1,0,1
BRDA:15,1,1,0
BRDA:16,2,0,0
BRDA:16,2,1,1
BRDA:26,3,0,1
BRDA:26,3,1,6
BRDA:52,4,0,8
BRDA:52,4,1,13
BRDA:56,5,0,0
BRDA:56,5,1,6
BRDA:56,6,0,6
BRDA:56,6,1,0
BRDA:56,6,2,0
BRDA:56,6,3,0
BRDA:57,7,0,2
BRDA:57,7,1,4
BRDA:57,8,0,6
BRDA:57,8,1,6
BRDA:57,8,2,6
BRDA:57,8,3,6
BRDA:64,9,0,33
BRDA:64,9,1,16
BRDA:64,9,2,17
BRDA:75,10,0,0
BRDA:75,10,1,2
BRDA:79,11,0,1
BRDA:79,11,1,1
BRDA:79,12,0,2
BRDA:79,12,1,2
BRF:29
BRH:22
end_of_record
TN:
SF:/home/david/AngularJS_workplace/Angular_workshop_emplHierarchy/HierarchyProject/js/service/calculateTimeServiceSpec.js
FN:1,(anonymous_1)
FN:10,(anonymous_2)
FN:14,(anonymous_3)
FN:18,(anonymous_4)
FN:34,(anonymous_5)
FN:52,(anonymous_6)
FN:61,(anonymous_7)
FN:77,(anonymous_8)
FN:81,(anonymous_9)
FN:86,(anonymous_10)
FN:92,(anonymous_11)
FNF:11
FNH:11
FNDA:1,(anonymous_1)
FNDA:5,(anonymous_2)
FNDA:1,(anonymous_3)
FNDA:1,(anonymous_4)
FNDA:1,(anonymous_5)
FNDA:1,(anonymous_6)
FNDA:1,(anonymous_7)
FNDA:18,(anonymous_8)
FNDA:9,(anonymous_9)
FNDA:7,(anonymous_10)
FNDA:18,(anonymous_11)
DA:1,1
DA:3,1
DA:4,1
DA:5,1
DA:6,1
DA:8,1
DA:10,1
DA:11,5
DA:14,1
DA:15,1
DA:18,1
DA:20,1
DA:21,1
DA:24,1
DA:25,1
DA:26,1
DA:28,1
DA:29,1
DA:30,1
DA:31,1
DA:34,1
DA:35,1
DA:36,1
DA:37,1
DA:38,1
DA:39,1
DA:40,1
DA:41,1
DA:42,1
DA:43,1
DA:44,1
DA:45,1
DA:46,1
DA:47,1
DA:52,1
DA:53,1
DA:54,1
DA:55,1
DA:57,1
DA:61,1
DA:62,1
DA:63,1
DA:64,1
DA:65,1
DA:66,1
DA:67,1
DA:68,1
DA:69,1
DA:70,1
DA:77,1
DA:78,18
DA:81,1
DA:82,9
DA:83,9
DA:86,1
DA:87,7
DA:88,7
DA:89,7
DA:92,1
DA:93,18
LF:60
LH:60
BRDA:93,1,0,0
BRDA:93,1,1,18
BRF:2
BRH:1
end_of_record
TN:
SF:/home/david/AngularJS_workplace/Angular_workshop_emplHierarchy/HierarchyProject/js/service/commonNodeHierarchyModel.js
FN:1,(anonymous_1)
FN:5,commonNodeHeirarchyModel
FNF:2
FNH:2
FNDA:32,(anonymous_1)
FNDA:32,commonNodeHeirarchyModel
DA:1,1
DA:2,32
DA:5,1
DA:6,32
DA:7,32
DA:8,32
DA:9,32
DA:10,32
DA:11,32
DA:12,32
DA:13,32
DA:14,32
DA:15,32
LF:13
LH:13
BRF:0
BRH:0
end_of_record
TN:
SF:/home/david/AngularJS_workplace/Angular_workshop_emplHierarchy/HierarchyProject/js/service/commonNodeHierarchyModelSpec.js
FN:1,(anonymous_1)
FN:7,(anonymous_2)
FN:11,(anonymous_3)
FN:15,(anonymous_4)
FNF:4
FNH:4
FNDA:1,(anonymous_1)
FNDA:2,(anonymous_2)
FNDA:1,(anonymous_3)
FNDA:1,(anonymous_4)
DA:1,1
DA:3,1
DA:5,1
DA:7,1
DA:8,2
DA:11,1
DA:12,1
DA:15,1
DA:17,1
DA:18,1
DA:19,1
DA:20,1
DA:21,1
DA:22,1
DA:23,1
LF:15
LH:15
BRF:0
BRH:0
end_of_record
TN:
SF:/home/david/AngularJS_workplace/Angular_workshop_emplHierarchy/HierarchyProject/js/service/hierarchyNodeService.js
FN:2,(anonymous_1)
FN:6,hierarchyNodeService
FN:11,(anonymous_3)
FN:19,successCallBack
FN:22,errorCallBack
FN:27,(anonymous_6)
FN:35,successCallBack
FN:38,errorCallBack
FN:43,(anonymous_9)
FN:50,successCallBack
FN:53,errorCallBack
FNF:11
FNH:11
FNDA:33,(anonymous_1)
FNDA:33,hierarchyNodeService
FNDA:2,(anonymous_3)
FNDA:1,successCallBack
FNDA:1,errorCallBack
FNDA:2,(anonymous_6)
FNDA:1,successCallBack
FNDA:1,errorCallBack
FNDA:2,(anonymous_9)
FNDA:1,successCallBack
FNDA:1,errorCallBack
DA:1,1
DA:3,33
DA:6,1
DA:7,33
DA:8,33
DA:9,33
DA:11,33
DA:13,2
DA:15,2
DA:20,1
DA:23,1
DA:27,33
DA:29,2
DA:31,2
DA:36,1
DA:39,1
DA:43,33
DA:44,2
DA:46,2
DA:51,1
DA:54,1
LF:21
LH:21
BRF:0
BRH:0
end_of_record
TN:
SF:/home/david/AngularJS_workplace/Angular_workshop_emplHierarchy/HierarchyProject/js/service/hierarchyNodeServiceSpec.js
FN:1,(anonymous_1)
FN:17,(anonymous_2)
FN:22,(anonymous_3)
FN:27,(anonymous_4)
FN:34,(anonymous_5)
FN:39,(anonymous_6)
FN:45,(anonymous_7)
FN:52,(anonymous_8)
FN:57,(anonymous_9)
FN:62,(anonymous_10)
FN:69,(anonymous_11)
FN:74,(anonymous_12)
FN:79,(anonymous_13)
FN:86,(anonymous_14)
FN:91,(anonymous_15)
FN:96,(anonymous_16)
FN:103,(anonymous_17)
FN:108,(anonymous_18)
FN:113,(anonymous_19)
FN:120,(anonymous_20)
FN:125,(anonymous_21)
FNF:21
FNH:15
FNDA:1,(anonymous_1)
FNDA:7,(anonymous_2)
FNDA:1,(anonymous_3)
FNDA:1,(anonymous_4)
FNDA:1,(anonymous_5)
FNDA:0,(anonymous_6)
FNDA:1,(anonymous_7)
FNDA:1,(anonymous_8)
FNDA:0,(anonymous_9)
FNDA:1,(anonymous_10)
FNDA:1,(anonymous_11)
FNDA:0,(anonymous_12)
FNDA:1,(anonymous_13)
FNDA:1,(anonymous_14)
FNDA:0,(anonymous_15)
FNDA:1,(anonymous_16)
FNDA:1,(anonymous_17)
FNDA:0,(anonymous_18)
FNDA:1,(anonymous_19)
FNDA:1,(anonymous_20)
FNDA:0,(anonymous_21)
DA:1,1
DA:3,1
DA:4,1
DA:5,1
DA:7,1
DA:9,1
DA:13,1
DA:15,1
DA:17,1
DA:18,7
DA:19,7
DA:22,1
DA:24,1
DA:27,1
DA:29,1
DA:30,1
DA:32,1
DA:34,1
DA:35,1
DA:36,1
DA:39,1
DA:40,1
DA:41,1
DA:45,1
DA:47,1
DA:48,1
DA:50,1
DA:52,1
DA:53,1
DA:54,1
DA:57,1
DA:58,1
DA:59,1
DA:62,1
DA:64,1
DA:65,1
DA:67,1
DA:69,1
DA:70,1
DA:71,1
DA:74,1
DA:75,1
DA:76,1
DA:79,1
DA:81,1
DA:82,1
DA:84,1
DA:86,1
DA:87,1
DA:88,1
DA:91,1
DA:92,1
DA:93,1
DA:96,1
DA:98,1
DA:99,1
DA:101,1
DA:103,1
DA:104,1
DA:105,1
DA:108,1
DA:109,1
DA:110,1
DA:113,1
DA:115,1
DA:116,1
DA:118,1
DA:120,1
DA:121,1
DA:122,1
DA:125,1
DA:126,1
DA:127,1
LF:73
LH:73
BRF:0
BRH:0
end_of_record
TN:
SF:/home/david/AngularJS_workplace/Angular_workshop_emplHierarchy/HierarchyProject/js/service/mngtHierarchyNodeServiceProvider.js
FN:3,(anonymous_1)
FN:7,mngtHierarchyNodeServiceProvider
FN:10,(anonymous_3)
FN:13,(anonymous_4)
FN:17,(anonymous_5)
FN:23,(anonymous_6)
FN:26,(anonymous_7)
FN:30,(anonymous_8)
FN:36,(anonymous_9)
FN:39,(anonymous_10)
FN:46,(anonymous_11)
FN:53,(anonymous_12)
FN:68,(anonymous_13)
FN:74,(anonymous_14)
FN:85,(anonymous_15)
FN:91,(anonymous_16)
FN:100,(anonymous_17)
FN:112,(anonymous_18)
FN:118,(anonymous_19)
FN:131,(anonymous_20)
FNF:20
FNH:20
FNDA:56,(anonymous_1)
FNDA:56,mngtHierarchyNodeServiceProvider
FNDA:2,(anonymous_3)
FNDA:1,(anonymous_4)
FNDA:1,(anonymous_5)
FNDA:2,(anonymous_6)
FNDA:1,(anonymous_7)
FNDA:1,(anonymous_8)
FNDA:1,(anonymous_9)
FNDA:1,(anonymous_10)
FNDA:2,(anonymous_11)
FNDA:2,(anonymous_12)
FNDA:1,(anonymous_13)
FNDA:5,(anonymous_14)
FNDA:2,(anonymous_15)
FNDA:2,(anonymous_16)
FNDA:2,(anonymous_17)
FNDA:1,(anonymous_18)
FNDA:1,(anonymous_19)
FNDA:2,(anonymous_20)
DA:1,1
DA:4,56
DA:7,1
DA:8,56
DA:10,56
DA:12,2
DA:14,1
DA:15,1
DA:18,1
DA:23,56
DA:25,2
DA:27,1
DA:28,1
DA:31,1
DA:36,56
DA:37,1
DA:38,1
DA:39,1
DA:41,1
DA:43,1
DA:46,56
DA:48,2
DA:49,2
DA:53,2
DA:55,2
DA:57,1
DA:61,1
DA:62,1
DA:65,2
DA:68,56
DA:70,1
DA:71,1
DA:74,56
DA:76,5
DA:78,8
DA:79,4
DA:82,1
DA:85,56
DA:87,2
DA:88,2
DA:91,56
DA:92,2
DA:93,2
DA:95,1
DA:96,1
DA:100,56
DA:102,2
DA:103,1
DA:104,1
DA:105,1
DA:107,1
DA:109,1
DA:112,56
DA:114,1
DA:115,1
DA:118,56
DA:120,1
DA:122,2
DA:123,1
DA:124,1
DA:125,1
DA:126,1
DA:131,56
DA:133,2
DA:134,2
DA:135,2
DA:136,2
DA:137,2
LF:68
LH:68
BRDA:55,1,0,1
BRDA:55,1,1,1
BRDA:78,2,0,4
BRDA:78,2,1,4
BRDA:93,3,0,1
BRDA:93,3,1,1
BRDA:93,4,0,2
BRDA:93,4,1,2
BRDA:102,5,0,1
BRDA:102,5,1,1
BRDA:105,6,0,2
BRDA:105,6,1,1
BRDA:122,7,0,1
BRDA:122,7,1,1
BRDA:134,8,0,1
BRDA:134,8,1,1
BRF:16
BRH:16
end_of_record
TN:
SF:/home/david/AngularJS_workplace/Angular_workshop_emplHierarchy/HierarchyProject/js/service/mngtHierarchyNodeServiceProviderSpec.js
FN:1,(anonymous_1)
FN:20,(anonymous_2)
FN:24,(anonymous_3)
FN:31,(anonymous_4)
FN:42,(anonymous_5)
FN:43,(anonymous_6)
FN:44,(anonymous_7)
FN:48,(anonymous_8)
FN:65,(anonymous_9)
FN:70,(anonymous_10)
FN:75,(anonymous_11)
FN:80,(anonymous_12)
FN:92,(anonymous_13)
FN:97,(anonymous_14)
FN:108,(anonymous_15)
FN:113,(anonymous_16)
FN:125,(anonymous_17)
FN:131,(anonymous_18)
FN:142,(anonymous_19)
FN:147,(anonymous_20)
FN:151,(anonymous_21)
FN:161,(anonymous_22)
FN:166,(anonymous_23)
FN:170,(anonymous_24)
FN:180,(anonymous_25)
FN:183,(anonymous_26)
FN:189,(anonymous_27)
FN:194,(anonymous_28)
FN:199,(anonymous_29)
FN:204,(anonymous_30)
FN:213,(anonymous_31)
FN:223,(anonymous_32)
FN:228,(anonymous_33)
FN:232,(anonymous_34)
FN:242,(anonymous_35)
FN:246,(anonymous_36)
FNF:36
FNH:32
FNDA:1,(anonymous_1)
FNDA:16,(anonymous_2)
FNDA:2,(anonymous_3)
FNDA:2,(anonymous_4)
FNDA:0,(anonymous_5)
FNDA:0,(anonymous_6)
FNDA:0,(anonymous_7)
FNDA:0,(anonymous_8)
FNDA:16,(anonymous_9)
FNDA:1,(anonymous_10)
FNDA:1,(anonymous_11)
FNDA:1,(anonymous_12)
FNDA:1,(anonymous_13)
FNDA:1,(anonymous_14)
FNDA:1,(anonymous_15)
FNDA:1,(anonymous_16)
FNDA:1,(anonymous_17)
FNDA:1,(anonymous_18)
FNDA:1,(anonymous_19)
FNDA:1,(anonymous_20)
FNDA:1,(anonymous_21)
FNDA:1,(anonymous_22)
FNDA:1,(anonymous_23)
FNDA:1,(anonymous_24)
FNDA:1,(anonymous_25)
FNDA:1,(anonymous_26)
FNDA:1,(anonymous_27)
FNDA:1,(anonymous_28)
FNDA:1,(anonymous_29)
FNDA:1,(anonymous_30)
FNDA:1,(anonymous_31)
FNDA:1,(anonymous_32)
FNDA:1,(anonymous_33)
FNDA:1,(anonymous_34)
FNDA:1,(anonymous_35)
FNDA:1,(anonymous_36)
DA:1,1
DA:4,1
DA:5,1
DA:7,1
DA:13,1
DA:15,1
DA:18,1
DA:20,1
DA:22,16
DA:25,2
DA:26,1
DA:28,1
DA:32,2
DA:33,1
DA:35,1
DA:40,16
DA:47,16
DA:51,16
DA:59,16
DA:60,16
DA:61,16
DA:62,16
DA:65,1
DA:66,16
DA:67,16
DA:70,1
DA:72,1
DA:75,1
DA:77,1
DA:78,1
DA:80,1
DA:81,1
DA:82,1
DA:85,1
DA:86,1
DA:87,1
DA:88,1
DA:89,1
DA:92,1
DA:94,1
DA:95,1
DA:97,1
DA:98,1
DA:99,1
DA:102,1
DA:103,1
DA:104,1
DA:105,1
DA:108,1
DA:110,1
DA:111,1
DA:113,1
DA:114,1
DA:115,1
DA:118,1
DA:119,1
DA:120,1
DA:121,1
DA:122,1
DA:125,1
DA:127,1
DA:129,1
DA:131,1
DA:132,1
DA:133,1
DA:136,1
DA:137,1
DA:138,1
DA:139,1
DA:142,1
DA:144,1
DA:145,1
DA:147,1
DA:148,1
DA:151,1
DA:152,1
DA:153,1
DA:156,1
DA:157,1
DA:158,1
DA:161,1
DA:163,1
DA:164,1
DA:166,1
DA:167,1
DA:170,1
DA:171,1
DA:172,1
DA:175,1
DA:176,1
DA:177,1
DA:180,1
DA:182,1
DA:183,1
DA:185,1
DA:186,1
DA:189,1
DA:191,1
DA:194,1
DA:196,1
DA:199,1
DA:201,1
DA:204,1
DA:206,1
DA:208,1
DA:210,1
DA:213,1
DA:215,1
DA:216,1
DA:218,1
DA:220,1
DA:223,1
DA:225,1
DA:226,1
DA:228,1
DA:229,1
DA:232,1
DA:233,1
DA:234,1
DA:237,1
DA:238,1
DA:239,1
DA:242,1
DA:243,1
DA:246,1
DA:247,1
DA:248,1
LF:127
LH:127
BRDA:25,1,0,1
BRDA:25,1,1,1
BRDA:32,2,0,1
BRDA:32,2,1,1
BRF:4
BRH:4
end_of_record
TN:
SF:/home/david/AngularJS_workplace/Angular_workshop_emplHierarchy/HierarchyProject/js/service/modalDialogBoxService.js
FN:1,(anonymous_1)
FN:5,modalDialogBoxService
FN:14,(anonymous_3)
FN:19,(anonymous_4)
FN:25,(anonymous_5)
FN:35,(anonymous_6)
FN:40,(anonymous_7)
FNF:7
FNH:7
FNDA:27,(anonymous_1)
FNDA:27,modalDialogBoxService
FNDA:4,(anonymous_3)
FNDA:1,(anonymous_4)
FNDA:4,(anonymous_5)
FNDA:2,(anonymous_6)
FNDA:1,(anonymous_7)
DA:1,1
DA:2,27
DA:5,1
DA:6,27
DA:8,27
DA:14,27
DA:16,4
DA:19,27
DA:21,27
DA:23,27
DA:25,27
DA:27,4
DA:28,1
DA:31,3
DA:32,3
DA:35,27
DA:37,2
DA:40,27
DA:42,1
DA:43,1
LF:20
LH:20
BRDA:27,1,0,1
BRDA:27,1,1,3
BRF:2
BRH:2
end_of_record
TN:
SF:/home/david/AngularJS_workplace/Angular_workshop_emplHierarchy/HierarchyProject/js/service/modalDialogBoxServiceSpec.js
FN:1,(anonymous_1)
FN:9,(anonymous_2)
FN:10,(anonymous_3)
FN:12,(anonymous_4)
FN:13,ModalFactory
FN:16,(anonymous_6)
FN:30,(anonymous_7)
FN:35,(anonymous_8)
FN:40,(anonymous_9)
FN:47,(anonymous_10)
FN:53,(anonymous_11)
FN:62,(anonymous_12)
FN:70,(anonymous_13)
FN:83,(anonymous_14)
FNF:14
FNH:14
FNDA:1,(anonymous_1)
FNDA:7,(anonymous_2)
FNDA:7,(anonymous_3)
FNDA:7,(anonymous_4)
FNDA:3,ModalFactory
FNDA:3,(anonymous_6)
FNDA:7,(anonymous_7)
FNDA:1,(anonymous_8)
FNDA:1,(anonymous_9)
FNDA:1,(anonymous_10)
FNDA:1,(anonymous_11)
FNDA:1,(anonymous_12)
FNDA:1,(anonymous_13)
FNDA:1,(anonymous_14)
DA:1,1
DA:3,1
DA:5,1
DA:8,1
DA:10,7
DA:12,7
DA:13,1
DA:14,3
DA:15,3
DA:17,3
DA:20,3
DA:21,3
DA:22,3
DA:24,7
DA:30,1
DA:32,7
DA:35,1
DA:37,1
DA:40,1
DA:42,1
DA:43,1
DA:44,1
DA:47,1
DA:49,1
DA:50,1
DA:53,1
DA:55,1
DA:56,1
DA:58,1
DA:62,1
DA:64,1
DA:65,1
DA:66,1
DA:67,1
DA:70,1
DA:73,1
DA:74,1
DA:75,1
DA:76,1
DA:79,1
DA:80,1
DA:83,1
DA:85,1
DA:86,1
DA:87,1
DA:88,1
DA:89,1
DA:90,1
LF:48
LH:48
BRF:0
BRH:0
end_of_record
